build/app/intermediates/manifest_merge_blame_file/debug/manifest-merger-blame-debug-report.txt
1<?xml version="1.0" encoding="utf-8"?>
2<manifest xmlns:android="http://schemas.android.com/apk/res/android"
3    package="com.fasto.driver"
4    android:versionCode="2"
5    android:versionName="1.0.0" >
6
7    <uses-sdk
8        android:minSdkVersion="24"
9        android:targetSdkVersion="35" />
10    <!--
11         Flutter needs it to communicate with the running application
12         to allow setting breakpoints, to provide hot reload, etc.
13    -->
14    <uses-permission android:name="android.permission.INTERNET" />
14-->src\main\AndroidManifest.xml:5:5-67
14-->src\main\AndroidManifest.xml:5:22-64
15    <uses-permission android:name="android.permission.FOREGROUND_SERVICE" />
15-->src\main\AndroidManifest.xml:4:5-77
15-->src\main\AndroidManifest.xml:4:22-74
16    <uses-permission android:name="android.permission.WRITE_EXTERNAL_STORAGE" /> <!-- <uses-permission android:name="android.permission.ACCESS_FINE_LOCATION" /> -->
16-->src\main\AndroidManifest.xml:6:5-81
16-->src\main\AndroidManifest.xml:6:22-78
17    <uses-permission android:name="android.permission.READ_EXTERNAL_STORAGE" /> <!-- <uses-permission android:name="android.permission.ACCESS_COARSE_LOCATION" /> -->
17-->src\main\AndroidManifest.xml:8:5-80
17-->src\main\AndroidManifest.xml:8:22-77
18    <!-- <uses-permission android:name="android.permission.ACCESS_BACKGROUND_LOCATION" /> -->
19    <uses-permission android:name="android.permission.CAMERA" />
19-->src\main\AndroidManifest.xml:11:5-64
19-->src\main\AndroidManifest.xml:11:22-62
20    <uses-permission android:name="android.permission.WAKE_LOCK" />
20-->src\main\AndroidManifest.xml:12:5-68
20-->src\main\AndroidManifest.xml:12:22-65
21    <uses-permission android:name="android.permission.VIBRATE" />
21-->src\main\AndroidManifest.xml:13:5-66
21-->src\main\AndroidManifest.xml:13:22-63
22
23    <uses-feature
23-->src\main\AndroidManifest.xml:14:5-85
24        android:name="android.hardware.camera"
24-->src\main\AndroidManifest.xml:14:20-58
25        android:required="true" />
25-->src\main\AndroidManifest.xml:14:60-83
26
27    <queries>
27-->src\main\AndroidManifest.xml:15:5-36:15
28
29        <!-- If your app opens https URLs -->
30        <intent>
30-->src\main\AndroidManifest.xml:17:9-20:18
31            <action android:name="android.intent.action.VIEW" />
31-->src\main\AndroidManifest.xml:18:13-65
31-->src\main\AndroidManifest.xml:18:21-62
32
33            <data android:scheme="https" />
33-->src\main\AndroidManifest.xml:19:13-44
33-->src\main\AndroidManifest.xml:19:19-41
34        </intent>
35        <!-- If your app makes calls -->
36        <intent>
36-->src\main\AndroidManifest.xml:22:9-25:18
37            <action android:name="android.intent.action.DIAL" />
37-->src\main\AndroidManifest.xml:23:13-65
37-->src\main\AndroidManifest.xml:23:21-62
38
39            <data android:scheme="tel" />
39-->src\main\AndroidManifest.xml:19:13-44
39-->src\main\AndroidManifest.xml:19:19-41
40        </intent>
41        <!-- If your sends SMS messages -->
42        <intent>
42-->src\main\AndroidManifest.xml:27:9-30:18
43            <action android:name="android.intent.action.SENDTO" />
43-->src\main\AndroidManifest.xml:28:13-67
43-->src\main\AndroidManifest.xml:28:21-64
44
45            <data android:scheme="smsto" />
45-->src\main\AndroidManifest.xml:19:13-44
45-->src\main\AndroidManifest.xml:19:19-41
46        </intent>
47        <!-- If your app sends emails -->
48        <intent>
48-->src\main\AndroidManifest.xml:32:9-35:18
49            <action android:name="android.intent.action.SEND" />
49-->src\main\AndroidManifest.xml:33:13-65
49-->src\main\AndroidManifest.xml:33:21-62
50
51            <data android:mimeType="*/*" />
51-->src\main\AndroidManifest.xml:19:13-44
52        </intent>
53
54        <package android:name="com.facebook.katana" /> <!-- For browser content -->
54-->[com.facebook.android:facebook-common:18.1.3] AndroidManifest.xml:16:9-55
54-->[com.facebook.android:facebook-common:18.1.3] AndroidManifest.xml:16:18-52
55        <intent>
55-->[com.google.android.gms:play-services-ads-api:24.1.0] AndroidManifest.xml:38:9-44:18
56            <action android:name="android.intent.action.VIEW" />
56-->src\main\AndroidManifest.xml:18:13-65
56-->src\main\AndroidManifest.xml:18:21-62
57
58            <category android:name="android.intent.category.BROWSABLE" />
58-->[com.facebook.android:facebook-common:18.1.3] AndroidManifest.xml:33:17-78
58-->[com.facebook.android:facebook-common:18.1.3] AndroidManifest.xml:33:27-75
59
60            <data android:scheme="https" />
60-->src\main\AndroidManifest.xml:19:13-44
60-->src\main\AndroidManifest.xml:19:19-41
61        </intent> <!-- End of browser content -->
62        <!-- For CustomTabsService -->
63        <intent>
63-->[com.google.android.gms:play-services-ads-api:24.1.0] AndroidManifest.xml:47:9-49:18
64            <action android:name="android.support.customtabs.action.CustomTabsService" />
64-->[com.google.android.gms:play-services-ads-api:24.1.0] AndroidManifest.xml:48:13-90
64-->[com.google.android.gms:play-services-ads-api:24.1.0] AndroidManifest.xml:48:21-87
65        </intent> <!-- End of CustomTabsService -->
66        <!-- For MRAID capabilities -->
67        <intent>
67-->[com.google.android.gms:play-services-ads-api:24.1.0] AndroidManifest.xml:52:9-56:18
68            <action android:name="android.intent.action.INSERT" />
68-->[com.google.android.gms:play-services-ads-api:24.1.0] AndroidManifest.xml:53:13-67
68-->[com.google.android.gms:play-services-ads-api:24.1.0] AndroidManifest.xml:53:21-64
69
70            <data android:mimeType="vnd.android.cursor.dir/event" />
70-->src\main\AndroidManifest.xml:19:13-44
71        </intent>
72        <intent>
72-->[com.google.android.gms:play-services-ads-api:24.1.0] AndroidManifest.xml:57:9-61:18
73            <action android:name="android.intent.action.VIEW" />
73-->src\main\AndroidManifest.xml:18:13-65
73-->src\main\AndroidManifest.xml:18:21-62
74
75            <data android:scheme="sms" />
75-->src\main\AndroidManifest.xml:19:13-44
75-->src\main\AndroidManifest.xml:19:19-41
76        </intent>
77        <intent>
77-->[com.google.android.gms:play-services-ads-api:24.1.0] AndroidManifest.xml:62:9-66:18
78            <action android:name="android.intent.action.DIAL" />
78-->src\main\AndroidManifest.xml:23:13-65
78-->src\main\AndroidManifest.xml:23:21-62
79
80            <data android:path="tel:" />
80-->src\main\AndroidManifest.xml:19:13-44
81        </intent>
82        <intent>
82-->[com.razorpay:standard-core:1.6.53] AndroidManifest.xml:11:9-17:18
83            <action android:name="android.intent.action.VIEW" />
83-->src\main\AndroidManifest.xml:18:13-65
83-->src\main\AndroidManifest.xml:18:21-62
84
85            <data
85-->src\main\AndroidManifest.xml:19:13-44
86                android:mimeType="*/*"
87                android:scheme="*" />
87-->src\main\AndroidManifest.xml:19:19-41
88        </intent>
89        <intent>
89-->[com.razorpay:standard-core:1.6.53] AndroidManifest.xml:18:9-27:18
90            <action android:name="android.intent.action.VIEW" />
90-->src\main\AndroidManifest.xml:18:13-65
90-->src\main\AndroidManifest.xml:18:21-62
91
92            <category android:name="android.intent.category.BROWSABLE" />
92-->[com.facebook.android:facebook-common:18.1.3] AndroidManifest.xml:33:17-78
92-->[com.facebook.android:facebook-common:18.1.3] AndroidManifest.xml:33:27-75
93
94            <data
94-->src\main\AndroidManifest.xml:19:13-44
95                android:host="pay"
96                android:mimeType="*/*"
97                android:scheme="upi" />
97-->src\main\AndroidManifest.xml:19:19-41
98        </intent>
99        <intent>
99-->[com.razorpay:standard-core:1.6.53] AndroidManifest.xml:28:9-30:18
100            <action android:name="android.intent.action.MAIN" />
100-->src\main\AndroidManifest.xml:81:17-68
100-->src\main\AndroidManifest.xml:81:25-66
101        </intent>
102        <intent>
102-->[com.razorpay:standard-core:1.6.53] AndroidManifest.xml:36:9-38:18
103            <action android:name="rzp.device_token.share" />
103-->[com.razorpay:standard-core:1.6.53] AndroidManifest.xml:37:13-61
103-->[com.razorpay:standard-core:1.6.53] AndroidManifest.xml:37:21-58
104        </intent> <!-- Needs to be explicitly declared on Android R+ -->
105        <package android:name="com.google.android.apps.maps" />
105-->[com.google.android.gms:play-services-maps:18.2.0] AndroidManifest.xml:33:9-64
105-->[com.google.android.gms:play-services-maps:18.2.0] AndroidManifest.xml:33:18-61
106    </queries>
107
108    <uses-permission android:name="android.permission.ACCESS_NETWORK_STATE" /> <!-- Permissions options for the `notification` group -->
108-->[:connectivity_plus] AndroidManifest.xml:7:5-79
108-->[:connectivity_plus] AndroidManifest.xml:7:22-76
109    <uses-permission android:name="android.permission.POST_NOTIFICATIONS" />
109-->[:firebase_messaging] AndroidManifest.xml:11:5-77
109-->[:firebase_messaging] AndroidManifest.xml:11:22-74
110    <uses-permission android:name="android.permission.ACCESS_COARSE_LOCATION" />
110-->[:location] AndroidManifest.xml:7:5-81
110-->[:location] AndroidManifest.xml:7:22-78
111    <uses-permission android:name="android.permission.ACCESS_FINE_LOCATION" />
111-->[:location] AndroidManifest.xml:8:5-79
111-->[:location] AndroidManifest.xml:8:22-76
112    <uses-permission android:name="com.google.android.providers.gsf.permission.READ_GSERVICES" /> <!-- Required by older versions of Google Play services to create IID tokens -->
112-->[com.google.android.recaptcha:recaptcha:18.4.0] AndroidManifest.xml:9:5-98
112-->[com.google.android.recaptcha:recaptcha:18.4.0] AndroidManifest.xml:9:22-95
113    <uses-permission android:name="com.google.android.c2dm.permission.RECEIVE" />
113-->[com.google.firebase:firebase-messaging:23.4.1] AndroidManifest.xml:26:5-82
113-->[com.google.firebase:firebase-messaging:23.4.1] AndroidManifest.xml:26:22-79
114    <uses-permission android:name="com.google.android.gms.permission.AD_ID" />
114-->[com.google.android.gms:play-services-measurement-api:21.6.1] AndroidManifest.xml:25:5-79
114-->[com.google.android.gms:play-services-measurement-api:21.6.1] AndroidManifest.xml:25:22-76
115    <uses-permission android:name="android.permission.ACCESS_ADSERVICES_ATTRIBUTION" />
115-->[com.google.android.gms:play-services-measurement-api:21.6.1] AndroidManifest.xml:26:5-88
115-->[com.google.android.gms:play-services-measurement-api:21.6.1] AndroidManifest.xml:26:22-85
116    <uses-permission android:name="android.permission.ACCESS_ADSERVICES_AD_ID" />
116-->[com.google.android.gms:play-services-measurement-api:21.6.1] AndroidManifest.xml:27:5-82
116-->[com.google.android.gms:play-services-measurement-api:21.6.1] AndroidManifest.xml:27:22-79
117    <uses-permission android:name="android.permission.ACCESS_ADSERVICES_CUSTOM_AUDIENCE" />
117-->[com.facebook.android:facebook-core:18.1.3] AndroidManifest.xml:18:5-92
117-->[com.facebook.android:facebook-core:18.1.3] AndroidManifest.xml:18:22-89
118    <uses-permission android:name="android.permission.ACCESS_ADSERVICES_TOPICS" />
118-->[com.facebook.android:facebook-core:18.1.3] AndroidManifest.xml:19:5-83
118-->[com.facebook.android:facebook-core:18.1.3] AndroidManifest.xml:19:22-80
119
120    <uses-feature
120-->[com.google.android.gms:play-services-maps:18.2.0] AndroidManifest.xml:26:5-28:35
121        android:glEsVersion="0x00020000"
121-->[com.google.android.gms:play-services-maps:18.2.0] AndroidManifest.xml:27:9-41
122        android:required="true" />
122-->[com.google.android.gms:play-services-maps:18.2.0] AndroidManifest.xml:28:9-32
123
124    <uses-permission android:name="com.google.android.finsky.permission.BIND_GET_INSTALL_REFERRER_SERVICE" />
124-->[com.google.android.gms:play-services-measurement:21.6.1] AndroidManifest.xml:26:5-110
124-->[com.google.android.gms:play-services-measurement:21.6.1] AndroidManifest.xml:26:22-107
125
126    <permission
126-->[androidx.core:core:1.13.1] AndroidManifest.xml:22:5-24:47
127        android:name="com.fasto.driver.DYNAMIC_RECEIVER_NOT_EXPORTED_PERMISSION"
127-->[androidx.core:core:1.13.1] AndroidManifest.xml:23:9-81
128        android:protectionLevel="signature" />
128-->[androidx.core:core:1.13.1] AndroidManifest.xml:24:9-44
129
130    <uses-permission android:name="com.fasto.driver.DYNAMIC_RECEIVER_NOT_EXPORTED_PERMISSION" />
130-->[androidx.core:core:1.13.1] AndroidManifest.xml:26:5-97
130-->[androidx.core:core:1.13.1] AndroidManifest.xml:26:22-94
131
132    <application
132-->src\main\AndroidManifest.xml:37:5-110:19
133        android:appComponentFactory="androidx.core.app.CoreComponentFactory"
133-->[androidx.core:core:1.13.1] AndroidManifest.xml:28:18-86
134        android:debuggable="true"
135        android:extractNativeLibs="false"
136        android:icon="@mipmap/ic_launcher"
136-->src\main\AndroidManifest.xml:40:9-43
137        android:label="Fasto Driver"
137-->src\main\AndroidManifest.xml:38:9-37
138        android:supportsRtl="true" >
138-->[com.facebook.android:facebook-login:18.1.3] AndroidManifest.xml:14:18-44
139        <provider
140            android:name="androidx.core.content.FileProvider"
141            android:authorities="com.fasto.driver.com.shekarmudaliyar.social_share"
142            android:exported="false"
143            android:grantUriPermissions="true" >
144            <meta-data
144-->[:image_picker_android] AndroidManifest.xml:13:13-15:75
145                android:name="android.support.FILE_PROVIDER_PATHS"
145-->[:image_picker_android] AndroidManifest.xml:14:17-67
146                android:resource="@xml/provider_paths" />
146-->[:image_picker_android] AndroidManifest.xml:15:17-72
147        </provider>
148
149        <activity
149-->src\main\AndroidManifest.xml:51:9-55:43
150            android:name="com.yalantis.ucrop.UCropActivity"
150-->src\main\AndroidManifest.xml:52:13-60
151            android:screenOrientation="portrait"
151-->src\main\AndroidManifest.xml:53:13-49
152            android:theme="@style/Theme.AppCompat.Light.NoActionBar" />
152-->src\main\AndroidManifest.xml:54:13-69
153        <activity
153-->src\main\AndroidManifest.xml:56:9-84:20
154            android:name="com.fasto.driver.MainActivity"
154-->src\main\AndroidManifest.xml:57:13-41
155            android:configChanges="orientation|keyboardHidden|keyboard|screenSize|smallestScreenSize|locale|layoutDirection|fontScale|screenLayout|density|uiMode"
155-->src\main\AndroidManifest.xml:64:13-163
156            android:exported="true"
156-->src\main\AndroidManifest.xml:58:13-36
157            android:hardwareAccelerated="true"
157-->src\main\AndroidManifest.xml:65:13-47
158            android:launchMode="singleTop"
158-->src\main\AndroidManifest.xml:59:13-43
159            android:requestLegacyExternalStorage="true"
159-->src\main\AndroidManifest.xml:63:13-56
160            android:showWhenLocked="true"
160-->src\main\AndroidManifest.xml:60:13-42
161            android:theme="@style/LaunchTheme"
161-->src\main\AndroidManifest.xml:62:13-47
162            android:turnScreenOn="true"
162-->src\main\AndroidManifest.xml:61:13-40
163            android:windowSoftInputMode="adjustResize" >
163-->src\main\AndroidManifest.xml:66:13-55
164
165            <!--
166                 Specifies an Android theme to apply to this Activity as soon as
167                 the Android process has started. This theme is visible to the user
168                 while the Flutter UI initializes. After that, this theme continues
169                 to determine the Window background behind the Flutter UI.
170            -->
171            <meta-data
171-->src\main\AndroidManifest.xml:71:13-74:17
172                android:name="io.flutter.embedding.android.NormalTheme"
172-->src\main\AndroidManifest.xml:72:15-70
173                android:resource="@style/NormalTheme" />
173-->src\main\AndroidManifest.xml:73:15-52
174
175            <!-- <meta-data -->
176            <!-- android:name="io.flutter.embedding.android.SplashScreenDrawable" -->
177            <!-- android:resource="@drawable/launch_background" -->
178            <!-- /> -->
179            <intent-filter>
179-->src\main\AndroidManifest.xml:80:13-83:29
180                <action android:name="android.intent.action.MAIN" />
180-->src\main\AndroidManifest.xml:81:17-68
180-->src\main\AndroidManifest.xml:81:25-66
181
182                <category android:name="android.intent.category.LAUNCHER" />
182-->src\main\AndroidManifest.xml:82:17-76
182-->src\main\AndroidManifest.xml:82:27-74
183            </intent-filter>
184        </activity>
185
186        <!--
187             Don't delete the meta-data below.
188             This is used by the Flutter tool to generate GeneratedPluginRegistrant.java
189        -->
190        <meta-data
190-->src\main\AndroidManifest.xml:88:9-90:33
191            android:name="flutterEmbedding"
191-->src\main\AndroidManifest.xml:89:13-44
192            android:value="2" />
192-->src\main\AndroidManifest.xml:90:13-30
193        <!--
194            <meta-data
195            android:name="com.google.firebase.messaging.default_notification_channel_id"
196            android:value="high_importance_channel" />
197        -->
198        <meta-data
198-->src\main\AndroidManifest.xml:94:9-96:71
199            android:name="com.google.android.geo.API_KEY"
199-->src\main\AndroidManifest.xml:95:13-58
200            android:value="AIzaSyD65ula_94BY_XziYpJOLXFN-DOVwnBdcI" />
200-->src\main\AndroidManifest.xml:96:13-68
201        <meta-data
201-->src\main\AndroidManifest.xml:97:9-99:69
202            android:name="com.google.android.gms.ads.APPLICATION_ID"
202-->src\main\AndroidManifest.xml:98:13-69
203            android:value="ca-app-pub-3940256099942544~6300978111" />
203-->src\main\AndroidManifest.xml:99:13-67
204
205        <service
205-->src\main\AndroidManifest.xml:100:9-103:43
206            android:name="com.dexterous.flutterlocalnotifications.ForegroundService"
206-->src\main\AndroidManifest.xml:101:13-85
207            android:exported="false"
207-->src\main\AndroidManifest.xml:102:13-37
208            android:stopWithTask="false" />
208-->src\main\AndroidManifest.xml:103:13-41
209
210        <meta-data
210-->src\main\AndroidManifest.xml:104:9-106:59
211            android:name="com.google.firebase.messaging.default_notification_channel_id"
211-->src\main\AndroidManifest.xml:105:13-89
212            android:value="default_notification_channel" />
212-->src\main\AndroidManifest.xml:106:13-57
213        <meta-data
213-->src\main\AndroidManifest.xml:107:9-109:56
214            android:name="com.google.firebase.messaging.default_notification_icon"
214-->src\main\AndroidManifest.xml:108:13-83
215            android:resource="@drawable/ic_launcher" />
215-->src\main\AndroidManifest.xml:109:13-53
216
217        <service
217-->[:firebase_dynamic_links] AndroidManifest.xml:10:9-14:19
218            android:name="com.google.firebase.components.ComponentDiscoveryService"
218-->[:firebase_dynamic_links] AndroidManifest.xml:10:18-89
219            android:directBootAware="true"
219-->[com.google.firebase:firebase-common:20.4.3] AndroidManifest.xml:32:13-43
220            android:exported="false" >
220-->[com.google.firebase:firebase-dynamic-links:21.2.0] AndroidManifest.xml:23:13-37
221            <meta-data
221-->[:firebase_dynamic_links] AndroidManifest.xml:11:13-13:85
222                android:name="com.google.firebase.components:io.flutter.plugins.firebase.dynamiclinks.FlutterFirebaseAppRegistrar"
222-->[:firebase_dynamic_links] AndroidManifest.xml:12:17-131
223                android:value="com.google.firebase.components.ComponentRegistrar" />
223-->[:firebase_dynamic_links] AndroidManifest.xml:13:17-82
224            <meta-data
224-->[:firebase_messaging] AndroidManifest.xml:36:13-38:85
225                android:name="com.google.firebase.components:io.flutter.plugins.firebase.messaging.FlutterFirebaseAppRegistrar"
225-->[:firebase_messaging] AndroidManifest.xml:37:17-128
226                android:value="com.google.firebase.components.ComponentRegistrar" />
226-->[:firebase_messaging] AndroidManifest.xml:38:17-82
227            <meta-data
227-->[:firebase_core] AndroidManifest.xml:9:13-11:85
228                android:name="com.google.firebase.components:io.flutter.plugins.firebase.core.FlutterFirebaseCoreRegistrar"
228-->[:firebase_core] AndroidManifest.xml:10:17-124
229                android:value="com.google.firebase.components.ComponentRegistrar" />
229-->[:firebase_core] AndroidManifest.xml:11:17-82
230            <meta-data
230-->[com.google.firebase:firebase-dynamic-links:21.2.0] AndroidManifest.xml:24:13-26:85
231                android:name="com.google.firebase.components:com.google.firebase.dynamiclinks.FirebaseDynamicLinksKtxRegistrar"
231-->[com.google.firebase:firebase-dynamic-links:21.2.0] AndroidManifest.xml:25:17-128
232                android:value="com.google.firebase.components.ComponentRegistrar" />
232-->[com.google.firebase:firebase-dynamic-links:21.2.0] AndroidManifest.xml:26:17-82
233            <meta-data
233-->[com.google.firebase:firebase-dynamic-links:21.2.0] AndroidManifest.xml:27:13-29:85
234                android:name="com.google.firebase.components:com.google.firebase.dynamiclinks.internal.FirebaseDynamicLinkRegistrar"
234-->[com.google.firebase:firebase-dynamic-links:21.2.0] AndroidManifest.xml:28:17-133
235                android:value="com.google.firebase.components.ComponentRegistrar" />
235-->[com.google.firebase:firebase-dynamic-links:21.2.0] AndroidManifest.xml:29:17-82
236            <meta-data
236-->[com.google.firebase:firebase-messaging:23.4.1] AndroidManifest.xml:57:13-59:85
237                android:name="com.google.firebase.components:com.google.firebase.messaging.FirebaseMessagingKtxRegistrar"
237-->[com.google.firebase:firebase-messaging:23.4.1] AndroidManifest.xml:58:17-122
238                android:value="com.google.firebase.components.ComponentRegistrar" />
238-->[com.google.firebase:firebase-messaging:23.4.1] AndroidManifest.xml:59:17-82
239            <meta-data
239-->[com.google.firebase:firebase-messaging:23.4.1] AndroidManifest.xml:60:13-62:85
240                android:name="com.google.firebase.components:com.google.firebase.messaging.FirebaseMessagingRegistrar"
240-->[com.google.firebase:firebase-messaging:23.4.1] AndroidManifest.xml:61:17-119
241                android:value="com.google.firebase.components.ComponentRegistrar" />
241-->[com.google.firebase:firebase-messaging:23.4.1] AndroidManifest.xml:62:17-82
242            <meta-data
242-->[com.google.android.gms:play-services-measurement-api:21.6.1] AndroidManifest.xml:37:13-39:85
243                android:name="com.google.firebase.components:com.google.firebase.analytics.connector.internal.AnalyticsConnectorRegistrar"
243-->[com.google.android.gms:play-services-measurement-api:21.6.1] AndroidManifest.xml:38:17-139
244                android:value="com.google.firebase.components.ComponentRegistrar" />
244-->[com.google.android.gms:play-services-measurement-api:21.6.1] AndroidManifest.xml:39:17-82
245            <meta-data
245-->[com.google.firebase:firebase-iid:21.1.0] AndroidManifest.xml:32:13-34:85
246                android:name="com.google.firebase.components:com.google.firebase.iid.Registrar"
246-->[com.google.firebase:firebase-iid:21.1.0] AndroidManifest.xml:33:17-96
247                android:value="com.google.firebase.components.ComponentRegistrar" />
247-->[com.google.firebase:firebase-iid:21.1.0] AndroidManifest.xml:34:17-82
248            <meta-data
248-->[com.google.firebase:firebase-installations:17.2.0] AndroidManifest.xml:15:13-17:85
249                android:name="com.google.firebase.components:com.google.firebase.installations.FirebaseInstallationsKtxRegistrar"
249-->[com.google.firebase:firebase-installations:17.2.0] AndroidManifest.xml:16:17-130
250                android:value="com.google.firebase.components.ComponentRegistrar" />
250-->[com.google.firebase:firebase-installations:17.2.0] AndroidManifest.xml:17:17-82
251            <meta-data
251-->[com.google.firebase:firebase-installations:17.2.0] AndroidManifest.xml:18:13-20:85
252                android:name="com.google.firebase.components:com.google.firebase.installations.FirebaseInstallationsRegistrar"
252-->[com.google.firebase:firebase-installations:17.2.0] AndroidManifest.xml:19:17-127
253                android:value="com.google.firebase.components.ComponentRegistrar" />
253-->[com.google.firebase:firebase-installations:17.2.0] AndroidManifest.xml:20:17-82
254            <meta-data
254-->[com.google.firebase:firebase-common-ktx:20.4.3] AndroidManifest.xml:12:13-14:85
255                android:name="com.google.firebase.components:com.google.firebase.ktx.FirebaseCommonLegacyRegistrar"
255-->[com.google.firebase:firebase-common-ktx:20.4.3] AndroidManifest.xml:13:17-116
256                android:value="com.google.firebase.components.ComponentRegistrar" />
256-->[com.google.firebase:firebase-common-ktx:20.4.3] AndroidManifest.xml:14:17-82
257            <meta-data
257-->[com.google.firebase:firebase-common:20.4.3] AndroidManifest.xml:35:13-37:85
258                android:name="com.google.firebase.components:com.google.firebase.FirebaseCommonKtxRegistrar"
258-->[com.google.firebase:firebase-common:20.4.3] AndroidManifest.xml:36:17-109
259                android:value="com.google.firebase.components.ComponentRegistrar" />
259-->[com.google.firebase:firebase-common:20.4.3] AndroidManifest.xml:37:17-82
260            <meta-data
260-->[com.google.firebase:firebase-datatransport:18.1.7] AndroidManifest.xml:27:13-29:85
261                android:name="com.google.firebase.components:com.google.firebase.datatransport.TransportRegistrar"
261-->[com.google.firebase:firebase-datatransport:18.1.7] AndroidManifest.xml:28:17-115
262                android:value="com.google.firebase.components.ComponentRegistrar" />
262-->[com.google.firebase:firebase-datatransport:18.1.7] AndroidManifest.xml:29:17-82
263        </service>
264        <service
264-->[:firebase_messaging] AndroidManifest.xml:14:9-17:72
265            android:name="io.flutter.plugins.firebase.messaging.FlutterFirebaseMessagingBackgroundService"
265-->[:firebase_messaging] AndroidManifest.xml:15:13-107
266            android:exported="false"
266-->[:firebase_messaging] AndroidManifest.xml:16:13-37
267            android:permission="android.permission.BIND_JOB_SERVICE" />
267-->[:firebase_messaging] AndroidManifest.xml:17:13-69
268        <service
268-->[:firebase_messaging] AndroidManifest.xml:18:9-24:19
269            android:name="io.flutter.plugins.firebase.messaging.FlutterFirebaseMessagingService"
269-->[:firebase_messaging] AndroidManifest.xml:19:13-97
270            android:exported="false" >
270-->[:firebase_messaging] AndroidManifest.xml:20:13-37
271            <intent-filter>
271-->[:firebase_messaging] AndroidManifest.xml:21:13-23:29
272                <action android:name="com.google.firebase.MESSAGING_EVENT" />
272-->[:firebase_messaging] AndroidManifest.xml:22:17-78
272-->[:firebase_messaging] AndroidManifest.xml:22:25-75
273            </intent-filter>
274        </service>
275
276        <receiver
276-->[:firebase_messaging] AndroidManifest.xml:26:9-33:20
277            android:name="io.flutter.plugins.firebase.messaging.FlutterFirebaseMessagingReceiver"
277-->[:firebase_messaging] AndroidManifest.xml:27:13-98
278            android:exported="true"
278-->[:firebase_messaging] AndroidManifest.xml:28:13-36
279            android:permission="com.google.android.c2dm.permission.SEND" >
279-->[:firebase_messaging] AndroidManifest.xml:29:13-73
280            <intent-filter>
280-->[:firebase_messaging] AndroidManifest.xml:30:13-32:29
281                <action android:name="com.google.android.c2dm.intent.RECEIVE" />
281-->[:firebase_messaging] AndroidManifest.xml:31:17-81
281-->[:firebase_messaging] AndroidManifest.xml:31:25-78
282            </intent-filter>
283        </receiver>
284
285        <provider
285-->[:firebase_messaging] AndroidManifest.xml:41:9-45:38
286            android:name="io.flutter.plugins.firebase.messaging.FlutterFirebaseMessagingInitProvider"
286-->[:firebase_messaging] AndroidManifest.xml:42:13-102
287            android:authorities="com.fasto.driver.flutterfirebasemessaginginitprovider"
287-->[:firebase_messaging] AndroidManifest.xml:43:13-88
288            android:exported="false"
288-->[:firebase_messaging] AndroidManifest.xml:44:13-37
289            android:initOrder="99" />
289-->[:firebase_messaging] AndroidManifest.xml:45:13-35
290        <provider
290-->[:image_picker_android] AndroidManifest.xml:8:9-16:20
291            android:name="io.flutter.plugins.imagepicker.ImagePickerFileProvider"
291-->[:image_picker_android] AndroidManifest.xml:9:13-82
292            android:authorities="com.fasto.driver.flutter.image_provider"
292-->[:image_picker_android] AndroidManifest.xml:10:13-74
293            android:exported="false"
293-->[:image_picker_android] AndroidManifest.xml:11:13-37
294            android:grantUriPermissions="true" >
294-->[:image_picker_android] AndroidManifest.xml:12:13-47
295            <meta-data
295-->[:image_picker_android] AndroidManifest.xml:13:13-15:75
296                android:name="android.support.FILE_PROVIDER_PATHS"
296-->[:image_picker_android] AndroidManifest.xml:14:17-67
297                android:resource="@xml/flutter_image_picker_file_paths" />
297-->[:image_picker_android] AndroidManifest.xml:15:17-72
298        </provider>
299
300        <service
300-->[:geolocator_android] AndroidManifest.xml:8:9-12:56
301            android:name="com.baseflow.geolocator.GeolocatorLocationService"
301-->[:geolocator_android] AndroidManifest.xml:9:13-77
302            android:enabled="true"
302-->[:geolocator_android] AndroidManifest.xml:10:13-35
303            android:exported="false"